<?xml version="1.0" encoding="UTF-8"?>
<!-- Generated by org.testng.reporters.JUnitReportReporter -->
<testsuite hostname="DESKTOP-9N53GSB" failures="0" tests="2" name="StepDefinitions.TestngTestRunner" time="13.367" errors="0" timestamp="2024-12-31T17:14:59 IST" skipped="0">
  <testcase classname="StepDefinitions.TestngTestRunner" name="runScenario" time="9.585"/>
  <system-out/>
  <testcase classname="StepDefinitions.TestngTestRunner" name="runScenario" time="3.782"/>
  <system-out/>
</testsuite> <!-- StepDefinitions.TestngTestRunner -->
