<?xml version="1.0" encoding="UTF-8"?>
<!-- Generated by org.testng.reporters.JUnitReportReporter -->
<testsuite hostname="DESKTOP-9N53GSB" failures="0" tests="1" name="testRunner.TestRunner" time="16.964" errors="0" timestamp="2025-01-06T12:23:10 IST" skipped="0">
  <testcase classname="testRunner.TestRunner" name="runScenario" time="16.964"/>
  <system-out/>
</testsuite> <!-- testRunner.TestRunner -->
